<?xml version="1.0" encoding="UTF-8"?>
<!-- Generated by org.testng.reporters.JUnitXMLReporter -->
<testsuite ignored="0" hostname="DESKTOP-JUEM5Q3" failures="0" tests="2" name="Default test" time="13.426" errors="0" timestamp="2023-03-31T16:36:10 CEST">
  <testcase classname="ArekCompany.SeleniumFrameworkDesigne.SubmitOrderTest" name="SubmitOrder" time="3.429"/>
  <testcase classname="ArekCompany.SeleniumFrameworkDesigne.SubmitOrderTest" name="OrderHistoryTest" time="0.738"/>
</testsuite> <!-- Default test -->
